<?xml version="1.0" encoding="UTF-8"?>
<!-- Generated by org.testng.reporters.JUnitXMLReporter -->
<testsuite ignored="0" hostname="DESKTOP-5N55N0D" failures="4" tests="4" name="Sum Calc Test" time="0.082" errors="0" timestamp="24 Jun 2018 18:00:50 GMT">
  <testcase classname="com.epam.cdp.calc.SumCalc" name="plus" time="0.007">
    <failure type="java.lang.NullPointerException">
      <![CDATA[java.lang.NullPointerException
at com.epam.cdp.calc.SumCalc.plus(SumCalc.java:17)
... Removed 25 stack frames]]>
    </failure>
  </testcase> <!-- plus -->
  <testcase classname="com.epam.cdp.calc.SumCalc" name="plus" time="0.002">
    <failure type="java.lang.NullPointerException">
      <![CDATA[java.lang.NullPointerException
at com.epam.cdp.calc.SumCalc.plus(SumCalc.java:17)
... Removed 25 stack frames]]>
    </failure>
  </testcase> <!-- plus -->
  <testcase classname="com.epam.cdp.calc.SumCalc" name="plus" time="0.001">
    <failure type="java.lang.NullPointerException">
      <![CDATA[java.lang.NullPointerException
at com.epam.cdp.calc.SumCalc.plus(SumCalc.java:17)
... Removed 25 stack frames]]>
    </failure>
  </testcase> <!-- plus -->
  <testcase classname="com.epam.cdp.calc.SumCalc" name="plus" time="0.001">
    <failure type="java.lang.NullPointerException">
      <![CDATA[java.lang.NullPointerException
at com.epam.cdp.calc.SumCalc.plus(SumCalc.java:17)
... Removed 25 stack frames]]>
    </failure>
  </testcase> <!-- plus -->
</testsuite> <!-- Sum Calc Test -->
