<?xml version="1.0" encoding="UTF-8"?>
<!-- Generated by org.testng.reporters.JUnitXMLReporter -->
<testsuite ignored="0" hostname="DESKTOP-5N55N0D" failures="0" tests="4" name="Default test" time="0.088" errors="0" timestamp="24 Jun 2018 18:12:20 GMT">
  <testcase classname="com.epam.cdp.calc.SumCalc" name="plus" time="0.006"/>
  <testcase classname="com.epam.cdp.calc.SumCalc" name="plus" time="0.002"/>
  <testcase classname="com.epam.cdp.calc.SumCalc" name="plus" time="0.002"/>
  <testcase classname="com.epam.cdp.calc.SumCalc" name="plus" time="0.001"/>
</testsuite> <!-- Default test -->
